<?xml version="1.0" encoding="UTF-8"?>
<testsuite xmlns:xsi="http://www.w3.org/2001/XMLSchema-instance" xsi:noNamespaceSchemaLocation="https://maven.apache.org/surefire/maven-surefire-plugin/xsd/surefire-test-report-3.0.xsd" version="3.0" name="com.dila.dama.plugin.utf8.UTF8ValidationServiceTest" time="1.392" tests="18" errors="0" skipped="0" failures="2">
  <properties>
    <property name="java.specification.version" value="24"/>
    <property name="sun.cpu.isalist" value="amd64"/>
    <property name="sun.jnu.encoding" value="MS950"/>
    <property name="java.class.path" value="C:\Project\OCR2Markup\Models\Gemini2.5\dila-ai-markup-plugin\target\test-classes;C:\Project\OCR2Markup\Models\Gemini2.5\dila-ai-markup-plugin\target\classes;C:\Users\jeffw\.m2\repository\com\oxygenxml\oxygen-sdk\27.1.0.3\oxygen-sdk-27.1.0.3.jar;C:\Users\jeffw\.m2\repository\com\oxygenxml\oxygen\27.1.0.3\oxygen-27.1.0.3.jar;C:\Users\jeffw\.m2\repository\com\oxygenxml\oxygen-patched-slf4j\27.1.0.3\oxygen-patched-slf4j-27.1.0.3.jar;C:\Users\jeffw\.m2\repository\com\oxygenxml\oxygen-token-markers\27.1.0.3\oxygen-token-markers-27.1.0.3.jar;C:\Users\jeffw\.m2\repository\com\oxygenxml\oxygen-css-pretty-printer\27.1.0.3\oxygen-css-pretty-printer-27.1.0.3.jar;C:\Users\jeffw\.m2\repository\com\oxygenxml\oxygen-patched-jing\27.1.0.3\oxygen-patched-jing-27.1.0.3.jar;C:\Users\jeffw\.m2\repository\com\oxygenxml\oxygen-patched-trang\27.1.0.3\oxygen-patched-trang-27.1.0.3.jar;C:\Users\jeffw\.m2\repository\com\oxygenxml\oxygen-patched-resolver\27.1.0.3\oxygen-patched-resolver-27.1.0.3.jar;C:\Users\jeffw\.m2\repository\com\oxygenxml\oxygen-patched-xerces\27.1.0.3\oxygen-patched-xerces-27.1.0.3.jar;C:\Users\jeffw\.m2\repository\com\oxygenxml\oxygen-patched-saxon-6\27.1.0.3\oxygen-patched-saxon-6-27.1.0.3.jar;C:\Users\jeffw\.m2\repository\com\oxygenxml\oxygen-patched-saxon-12he\27.1.0.3\oxygen-patched-saxon-12he-27.1.0.3.jar;C:\Users\jeffw\.m2\repository\org\xmlresolver\xmlresolver\5.2.2\xmlresolver-5.2.2.jar;C:\Users\jeffw\.m2\repository\org\apache\httpcomponents\client5\httpclient5\5.1.3\httpclient5-5.1.3.jar;C:\Users\jeffw\.m2\repository\org\apache\httpcomponents\core5\httpcore5-h2\5.1.3\httpcore5-h2-5.1.3.jar;C:\Users\jeffw\.m2\repository\org\slf4j\slf4j-api\1.7.25\slf4j-api-1.7.25.jar;C:\Users\jeffw\.m2\repository\org\apache\httpcomponents\core5\httpcore5\5.1.3\httpcore5-5.1.3.jar;C:\Users\jeffw\.m2\repository\com\oxygenxml\oxygen-patched-serializer\27.1.0.3\oxygen-patched-serializer-27.1.0.3.jar;C:\Users\jeffw\.m2\repository\com\oxygenxml\oxygen-patched-jna\27.1.0.3\oxygen-patched-jna-27.1.0.3.jar;C:\Users\jeffw\.m2\repository\com\oxygenxml\oxygen-patched-org.eclipse.wst.xml.xpath2.processor\27.1.0.3\oxygen-patched-org.eclipse.wst.xml.xpath2.processor-27.1.0.3.jar;C:\Users\jeffw\.m2\repository\com\oxygenxml\oxygen-sandbox\27.1.0.3\oxygen-sandbox-27.1.0.3.jar;C:\Users\jeffw\.m2\repository\com\oxygenxml\oxygen-validation-api\27.1.0.3\oxygen-validation-api-27.1.0.3.jar;C:\Users\jeffw\.m2\repository\com\oxygenxml\dicts-hunspell\27.1.0.3\dicts-hunspell-27.1.0.3.jar;C:\Users\jeffw\.m2\repository\com\oxygenxml\dicts-autocorrect\27.1.0.3\dicts-autocorrect-27.1.0.3.jar;C:\Users\jeffw\.m2\repository\com\oxygenxml\native-hunspell\27.1.0.3\native-hunspell-27.1.0.3.jar;C:\Users\jeffw\.m2\repository\com\oxygenxml\native-jna\27.1.0.3\native-jna-27.1.0.3.jar;C:\Users\jeffw\.m2\repository\com\oxygenxml\native-windows-helper\27.1.0.3\native-windows-helper-27.1.0.3.jar;C:\Users\jeffw\.m2\repository\com\oxygenxml\oxygen-basic-utilities\27.1.0.3\oxygen-basic-utilities-27.1.0.3.jar;C:\Users\jeffw\.m2\repository\com\oxygenxml\oxygen-editor-variables-parser\27.1.0.3\oxygen-editor-variables-parser-27.1.0.3.jar;C:\Users\jeffw\.m2\repository\com\oxygenxml\oxygen-patched-truezip\27.1.0.3\oxygen-patched-truezip-27.1.0.3.jar;C:\Users\jeffw\.m2\repository\com\oxygenxml\oxygen-annotations\27.1.0.3\oxygen-annotations-27.1.0.3.jar;C:\Users\jeffw\.m2\repository\com\oxygenxml\oxygen-patched-jeuclid-core\27.1.0.3\oxygen-patched-jeuclid-core-27.1.0.3.jar;C:\Users\jeffw\.m2\repository\xml-apis\xml-apis-ext\1.3.04\xml-apis-ext-1.3.04.jar;C:\Users\jeffw\.m2\repository\org\apache\httpcomponents\httpclient\4.5.14\httpclient-4.5.14.jar;C:\Users\jeffw\.m2\repository\org\apache\httpcomponents\httpcore\4.4.16\httpcore-4.4.16.jar;C:\Users\jeffw\.m2\repository\commons-logging\commons-logging\1.2\commons-logging-1.2.jar;C:\Users\jeffw\.m2\repository\commons-codec\commons-codec\1.15\commons-codec-1.15.jar;C:\Users\jeffw\.m2\repository\commons-io\commons-io\2.15.0\commons-io-2.15.0.jar;C:\Users\jeffw\.m2\repository\org\mozilla\rhino\1.7.14\rhino-1.7.14.jar;C:\Users\jeffw\.m2\repository\com\oxygenxml\oxygen-patched-batik\27.1.0.3\oxygen-patched-batik-27.1.0.3.jar;C:\Users\jeffw\.m2\repository\com\oxygenxml\oxygen-patched-xmlgraphics\27.1.0.3\oxygen-patched-xmlgraphics-27.1.0.3.jar;C:\Users\jeffw\.m2\repository\com\oxygenxml\oxygen-patched-jide\27.1.0.3\oxygen-patched-jide-27.1.0.3.jar;C:\Users\jeffw\.m2\repository\net\java\dev\jna\jna-platform\5.7.0\jna-platform-5.7.0.jar;C:\Users\jeffw\.m2\repository\org\nokogiri\nekohtml\1.9.22.noko2\nekohtml-1.9.22.noko2.jar;C:\Users\jeffw\.m2\repository\edu\princeton\cup\java-cup\10k\java-cup-10k.jar;C:\Users\jeffw\.m2\repository\com\ibm\icu\icu4j\71.1\icu4j-71.1.jar;C:\Users\jeffw\.m2\repository\com\oxygenxml\oxygen-jfx-components\27.1.0.3\oxygen-jfx-components-27.1.0.3.jar;C:\Users\jeffw\.m2\repository\com\oxygenxml\oxygen-css-flute-parser\27.1.0.3\oxygen-css-flute-parser-27.1.0.3.jar;C:\Users\jeffw\.m2\repository\com\oxygenxml\oxygen-markdown-converter-adapter\27.1.0.3\oxygen-markdown-converter-adapter-27.1.0.3-driver.jar;C:\Users\jeffw\.m2\repository\com\oxygenxml\oxygen-markdown-converter-adapter\27.1.0.3\oxygen-markdown-converter-adapter-27.1.0.3-backmapping.jar;C:\Users\jeffw\.m2\repository\com\google\guava\guava\32.0.1-jre\guava-32.0.1-jre.jar;C:\Users\jeffw\.m2\repository\com\google\guava\failureaccess\1.0.1\failureaccess-1.0.1.jar;C:\Users\jeffw\.m2\repository\com\sun\xml\bind\jaxb-impl\2.3.3\jaxb-impl-2.3.3.jar;C:\Users\jeffw\.m2\repository\jakarta\xml\bind\jakarta.xml.bind-api\2.3.3\jakarta.xml.bind-api-2.3.3.jar;C:\Users\jeffw\.m2\repository\com\sun\activation\jakarta.activation\1.2.2\jakarta.activation-1.2.2.jar;C:\Users\jeffw\.m2\repository\com\fasterxml\jackson\core\jackson-databind\2.15.0\jackson-databind-2.15.0.jar;C:\Users\jeffw\.m2\repository\com\fasterxml\jackson\core\jackson-annotations\2.15.0\jackson-annotations-2.15.0.jar;C:\Users\jeffw\.m2\repository\com\fasterxml\jackson\core\jackson-core\2.15.0\jackson-core-2.15.0.jar;C:\Users\jeffw\.m2\repository\junit\junit\4.13.2\junit-4.13.2.jar;C:\Users\jeffw\.m2\repository\org\hamcrest\hamcrest-core\1.3\hamcrest-core-1.3.jar;C:\Users\jeffw\.m2\repository\org\mockito\mockito-core\4.11.0\mockito-core-4.11.0.jar;C:\Users\jeffw\.m2\repository\net\bytebuddy\byte-buddy\1.12.19\byte-buddy-1.12.19.jar;C:\Users\jeffw\.m2\repository\net\bytebuddy\byte-buddy-agent\1.12.19\byte-buddy-agent-1.12.19.jar;C:\Users\jeffw\.m2\repository\org\objenesis\objenesis\3.3\objenesis-3.3.jar;C:\Users\jeffw\.m2\repository\org\assertj\assertj-core\3.24.2\assertj-core-3.24.2.jar;C:\Users\jeffw\.m2\repository\org\hamcrest\hamcrest\2.2\hamcrest-2.2.jar;"/>
    <property name="java.vm.vendor" value="Oracle Corporation"/>
    <property name="sun.arch.data.model" value="64"/>
    <property name="user.variant" value=""/>
    <property name="java.vendor.url" value="https://java.oracle.com/"/>
    <property name="user.timezone" value="Asia/Taipei"/>
    <property name="os.name" value="Windows 11"/>
    <property name="java.vm.specification.version" value="24"/>
    <property name="sun.java.launcher" value="SUN_STANDARD"/>
    <property name="user.country" value="US"/>
    <property name="sun.boot.library.path" value="c:\OpenJDK\openJdk-24\bin"/>
    <property name="sun.java.command" value="C:\Users\jeffw\AppData\Local\Temp\surefire3879774903017497804\surefirebooter-20251005120821051_3.jar C:\Users\jeffw\AppData\Local\Temp\surefire3879774903017497804 2025-10-05T12-08-20_857-jvmRun1 surefire-20251005120821051_1tmp surefire_0-20251005120821051_2tmp"/>
    <property name="jdk.debug" value="release"/>
    <property name="surefire.test.class.path" value="C:\Project\OCR2Markup\Models\Gemini2.5\dila-ai-markup-plugin\target\test-classes;C:\Project\OCR2Markup\Models\Gemini2.5\dila-ai-markup-plugin\target\classes;C:\Users\jeffw\.m2\repository\com\oxygenxml\oxygen-sdk\27.1.0.3\oxygen-sdk-27.1.0.3.jar;C:\Users\jeffw\.m2\repository\com\oxygenxml\oxygen\27.1.0.3\oxygen-27.1.0.3.jar;C:\Users\jeffw\.m2\repository\com\oxygenxml\oxygen-patched-slf4j\27.1.0.3\oxygen-patched-slf4j-27.1.0.3.jar;C:\Users\jeffw\.m2\repository\com\oxygenxml\oxygen-token-markers\27.1.0.3\oxygen-token-markers-27.1.0.3.jar;C:\Users\jeffw\.m2\repository\com\oxygenxml\oxygen-css-pretty-printer\27.1.0.3\oxygen-css-pretty-printer-27.1.0.3.jar;C:\Users\jeffw\.m2\repository\com\oxygenxml\oxygen-patched-jing\27.1.0.3\oxygen-patched-jing-27.1.0.3.jar;C:\Users\jeffw\.m2\repository\com\oxygenxml\oxygen-patched-trang\27.1.0.3\oxygen-patched-trang-27.1.0.3.jar;C:\Users\jeffw\.m2\repository\com\oxygenxml\oxygen-patched-resolver\27.1.0.3\oxygen-patched-resolver-27.1.0.3.jar;C:\Users\jeffw\.m2\repository\com\oxygenxml\oxygen-patched-xerces\27.1.0.3\oxygen-patched-xerces-27.1.0.3.jar;C:\Users\jeffw\.m2\repository\com\oxygenxml\oxygen-patched-saxon-6\27.1.0.3\oxygen-patched-saxon-6-27.1.0.3.jar;C:\Users\jeffw\.m2\repository\com\oxygenxml\oxygen-patched-saxon-12he\27.1.0.3\oxygen-patched-saxon-12he-27.1.0.3.jar;C:\Users\jeffw\.m2\repository\org\xmlresolver\xmlresolver\5.2.2\xmlresolver-5.2.2.jar;C:\Users\jeffw\.m2\repository\org\apache\httpcomponents\client5\httpclient5\5.1.3\httpclient5-5.1.3.jar;C:\Users\jeffw\.m2\repository\org\apache\httpcomponents\core5\httpcore5-h2\5.1.3\httpcore5-h2-5.1.3.jar;C:\Users\jeffw\.m2\repository\org\slf4j\slf4j-api\1.7.25\slf4j-api-1.7.25.jar;C:\Users\jeffw\.m2\repository\org\apache\httpcomponents\core5\httpcore5\5.1.3\httpcore5-5.1.3.jar;C:\Users\jeffw\.m2\repository\com\oxygenxml\oxygen-patched-serializer\27.1.0.3\oxygen-patched-serializer-27.1.0.3.jar;C:\Users\jeffw\.m2\repository\com\oxygenxml\oxygen-patched-jna\27.1.0.3\oxygen-patched-jna-27.1.0.3.jar;C:\Users\jeffw\.m2\repository\com\oxygenxml\oxygen-patched-org.eclipse.wst.xml.xpath2.processor\27.1.0.3\oxygen-patched-org.eclipse.wst.xml.xpath2.processor-27.1.0.3.jar;C:\Users\jeffw\.m2\repository\com\oxygenxml\oxygen-sandbox\27.1.0.3\oxygen-sandbox-27.1.0.3.jar;C:\Users\jeffw\.m2\repository\com\oxygenxml\oxygen-validation-api\27.1.0.3\oxygen-validation-api-27.1.0.3.jar;C:\Users\jeffw\.m2\repository\com\oxygenxml\dicts-hunspell\27.1.0.3\dicts-hunspell-27.1.0.3.jar;C:\Users\jeffw\.m2\repository\com\oxygenxml\dicts-autocorrect\27.1.0.3\dicts-autocorrect-27.1.0.3.jar;C:\Users\jeffw\.m2\repository\com\oxygenxml\native-hunspell\27.1.0.3\native-hunspell-27.1.0.3.jar;C:\Users\jeffw\.m2\repository\com\oxygenxml\native-jna\27.1.0.3\native-jna-27.1.0.3.jar;C:\Users\jeffw\.m2\repository\com\oxygenxml\native-windows-helper\27.1.0.3\native-windows-helper-27.1.0.3.jar;C:\Users\jeffw\.m2\repository\com\oxygenxml\oxygen-basic-utilities\27.1.0.3\oxygen-basic-utilities-27.1.0.3.jar;C:\Users\jeffw\.m2\repository\com\oxygenxml\oxygen-editor-variables-parser\27.1.0.3\oxygen-editor-variables-parser-27.1.0.3.jar;C:\Users\jeffw\.m2\repository\com\oxygenxml\oxygen-patched-truezip\27.1.0.3\oxygen-patched-truezip-27.1.0.3.jar;C:\Users\jeffw\.m2\repository\com\oxygenxml\oxygen-annotations\27.1.0.3\oxygen-annotations-27.1.0.3.jar;C:\Users\jeffw\.m2\repository\com\oxygenxml\oxygen-patched-jeuclid-core\27.1.0.3\oxygen-patched-jeuclid-core-27.1.0.3.jar;C:\Users\jeffw\.m2\repository\xml-apis\xml-apis-ext\1.3.04\xml-apis-ext-1.3.04.jar;C:\Users\jeffw\.m2\repository\org\apache\httpcomponents\httpclient\4.5.14\httpclient-4.5.14.jar;C:\Users\jeffw\.m2\repository\org\apache\httpcomponents\httpcore\4.4.16\httpcore-4.4.16.jar;C:\Users\jeffw\.m2\repository\commons-logging\commons-logging\1.2\commons-logging-1.2.jar;C:\Users\jeffw\.m2\repository\commons-codec\commons-codec\1.15\commons-codec-1.15.jar;C:\Users\jeffw\.m2\repository\commons-io\commons-io\2.15.0\commons-io-2.15.0.jar;C:\Users\jeffw\.m2\repository\org\mozilla\rhino\1.7.14\rhino-1.7.14.jar;C:\Users\jeffw\.m2\repository\com\oxygenxml\oxygen-patched-batik\27.1.0.3\oxygen-patched-batik-27.1.0.3.jar;C:\Users\jeffw\.m2\repository\com\oxygenxml\oxygen-patched-xmlgraphics\27.1.0.3\oxygen-patched-xmlgraphics-27.1.0.3.jar;C:\Users\jeffw\.m2\repository\com\oxygenxml\oxygen-patched-jide\27.1.0.3\oxygen-patched-jide-27.1.0.3.jar;C:\Users\jeffw\.m2\repository\net\java\dev\jna\jna-platform\5.7.0\jna-platform-5.7.0.jar;C:\Users\jeffw\.m2\repository\org\nokogiri\nekohtml\1.9.22.noko2\nekohtml-1.9.22.noko2.jar;C:\Users\jeffw\.m2\repository\edu\princeton\cup\java-cup\10k\java-cup-10k.jar;C:\Users\jeffw\.m2\repository\com\ibm\icu\icu4j\71.1\icu4j-71.1.jar;C:\Users\jeffw\.m2\repository\com\oxygenxml\oxygen-jfx-components\27.1.0.3\oxygen-jfx-components-27.1.0.3.jar;C:\Users\jeffw\.m2\repository\com\oxygenxml\oxygen-css-flute-parser\27.1.0.3\oxygen-css-flute-parser-27.1.0.3.jar;C:\Users\jeffw\.m2\repository\com\oxygenxml\oxygen-markdown-converter-adapter\27.1.0.3\oxygen-markdown-converter-adapter-27.1.0.3-driver.jar;C:\Users\jeffw\.m2\repository\com\oxygenxml\oxygen-markdown-converter-adapter\27.1.0.3\oxygen-markdown-converter-adapter-27.1.0.3-backmapping.jar;C:\Users\jeffw\.m2\repository\com\google\guava\guava\32.0.1-jre\guava-32.0.1-jre.jar;C:\Users\jeffw\.m2\repository\com\google\guava\failureaccess\1.0.1\failureaccess-1.0.1.jar;C:\Users\jeffw\.m2\repository\com\sun\xml\bind\jaxb-impl\2.3.3\jaxb-impl-2.3.3.jar;C:\Users\jeffw\.m2\repository\jakarta\xml\bind\jakarta.xml.bind-api\2.3.3\jakarta.xml.bind-api-2.3.3.jar;C:\Users\jeffw\.m2\repository\com\sun\activation\jakarta.activation\1.2.2\jakarta.activation-1.2.2.jar;C:\Users\jeffw\.m2\repository\com\fasterxml\jackson\core\jackson-databind\2.15.0\jackson-databind-2.15.0.jar;C:\Users\jeffw\.m2\repository\com\fasterxml\jackson\core\jackson-annotations\2.15.0\jackson-annotations-2.15.0.jar;C:\Users\jeffw\.m2\repository\com\fasterxml\jackson\core\jackson-core\2.15.0\jackson-core-2.15.0.jar;C:\Users\jeffw\.m2\repository\junit\junit\4.13.2\junit-4.13.2.jar;C:\Users\jeffw\.m2\repository\org\hamcrest\hamcrest-core\1.3\hamcrest-core-1.3.jar;C:\Users\jeffw\.m2\repository\org\mockito\mockito-core\4.11.0\mockito-core-4.11.0.jar;C:\Users\jeffw\.m2\repository\net\bytebuddy\byte-buddy\1.12.19\byte-buddy-1.12.19.jar;C:\Users\jeffw\.m2\repository\net\bytebuddy\byte-buddy-agent\1.12.19\byte-buddy-agent-1.12.19.jar;C:\Users\jeffw\.m2\repository\org\objenesis\objenesis\3.3\objenesis-3.3.jar;C:\Users\jeffw\.m2\repository\org\assertj\assertj-core\3.24.2\assertj-core-3.24.2.jar;C:\Users\jeffw\.m2\repository\org\hamcrest\hamcrest\2.2\hamcrest-2.2.jar;"/>
    <property name="sun.cpu.endian" value="little"/>
    <property name="user.home" value="C:\Users\jeffw"/>
    <property name="user.language" value="en"/>
    <property name="java.specification.vendor" value="Oracle Corporation"/>
    <property name="java.version.date" value="2025-04-15"/>
    <property name="java.home" value="c:\OpenJDK\openJdk-24"/>
    <property name="file.separator" value="\"/>
    <property name="basedir" value="C:\Project\OCR2Markup\Models\Gemini2.5\dila-ai-markup-plugin"/>
    <property name="java.vm.compressedOopsMode" value="32-bit"/>
    <property name="line.separator" value="&#10;"/>
    <property name="dila.debug" value="true"/>
    <property name="java.vm.specification.vendor" value="Oracle Corporation"/>
    <property name="java.specification.name" value="Java Platform API Specification"/>
    <property name="java.awt.headless" value="true"/>
    <property name="surefire.real.class.path" value="C:\Users\jeffw\AppData\Local\Temp\surefire3879774903017497804\surefirebooter-20251005120821051_3.jar"/>
    <property name="user.script" value=""/>
    <property name="sun.management.compiler" value="HotSpot 64-Bit Tiered Compilers"/>
    <property name="java.runtime.version" value="24.0.1+9-30"/>
    <property name="user.name" value="jeffw"/>
    <property name="stdout.encoding" value="MS950"/>
    <property name="path.separator" value=";"/>
    <property name="os.version" value="10.0"/>
    <property name="java.runtime.name" value="OpenJDK Runtime Environment"/>
    <property name="file.encoding" value="UTF-8"/>
    <property name="java.vm.name" value="OpenJDK 64-Bit Server VM"/>
    <property name="localRepository" value="C:\Users\jeffw\.m2\repository"/>
    <property name="java.vendor.url.bug" value="https://bugreport.java.com/bugreport/"/>
    <property name="java.io.tmpdir" value="C:\Users\jeffw\AppData\Local\Temp\"/>
    <property name="java.version" value="24.0.1"/>
    <property name="user.dir" value="C:\Project\OCR2Markup\Models\Gemini2.5\dila-ai-markup-plugin"/>
    <property name="os.arch" value="amd64"/>
    <property name="java.vm.specification.name" value="Java Virtual Machine Specification"/>
    <property name="sun.os.patch.level" value=""/>
    <property name="native.encoding" value="MS950"/>
    <property name="java.library.path" value="c:\OpenJDK\openJdk-24\bin;C:\WINDOWS\Sun\Java\bin;C:\WINDOWS\system32;C:\WINDOWS;C:\Program Files\PowerShell\7;C:\WINDOWS\system32;C:\WINDOWS;C:\WINDOWS\System32\Wbem;C:\WINDOWS\System32\WindowsPowerShell\v1.0\;C:\WINDOWS\System32\OpenSSH\;C:\Program Files\Git\cmd;C:\Program Files\nodejs\;C:\Program Files\Maven\apache-maven-3.9.11\bin;c:\OpenJDK\openJdk-24\bin;C:\Program Files (x86)\Common Files\Oracle\Java\javapath;C:\Program Files\PowerShell\7\;C:\Users\jeffw\AppData\Roaming\npm;C:\Program Files\MySQL\MySQL Shell 8.0\bin\;C:\WINDOWS\system32;C:\WINDOWS;C:\WINDOWS\System32\Wbem;C:\WINDOWS\System32\WindowsPowerShell\v1.0\;C:\WINDOWS\System32\OpenSSH\;C:\Program Files\Git\cmd;C:\Program Files\nodejs\;C:\Users\jeffw\.local\bin;C:\Users\jeffw\AppData\Local\Programs\Python\Launcher\;C:\Users\jeffw\AppData\Local\Microsoft\WindowsApps;C:\Users\jeffw\AppData\Local\Programs\Microsoft VS Code\bin;C:\Users\jeffw\AppData\Local\Programs\Ollama;C:\Program Files\nodejs\;c:\Users\jeffw\AppData\Roaming\Code\User\globalStorage\github.copilot-chat\debugCommand;C:\Program Files\Oxygen XML Editor 27\;C:\Program Files\Maven\apache-maven-3.9.8\bin;C:\Program Files\JetBrains\IntelliJ IDEA Community Edition 2025.2.1\bin;c:\OpenJDK\openJdk-24\bin;C:\Program Files (x86)\Common Files\Oracle\Java\javapath;;c:\Users\jeffw\.vscode\extensions\ms-python.debugpy-2025.10.0-win32-x64\bundled\scripts\noConfigScripts;c:\Users\jeffw\AppData\Roaming\Code\User\globalStorage\github.copilot-chat\debugCommand;."/>
    <property name="java.vm.info" value="mixed mode, sharing"/>
    <property name="stderr.encoding" value="MS950"/>
    <property name="java.vendor" value="Oracle Corporation"/>
    <property name="java.vm.version" value="24.0.1+9-30"/>
    <property name="sun.io.unicode.encoding" value="UnicodeLittle"/>
    <property name="java.class.version" value="68.0"/>
  </properties>
  <testcase name="testInvalidUtf8File" classname="com.dila.dama.plugin.utf8.UTF8ValidationServiceTest" time="0.218"/>
  <testcase name="testValidUtf8File" classname="com.dila.dama.plugin.utf8.UTF8ValidationServiceTest" time="0.225"/>
  <testcase name="testNonExistentFile" classname="com.dila.dama.plugin.utf8.UTF8ValidationServiceTest" time="0.218"/>
  <testcase name="testDirectoryValidation" classname="com.dila.dama.plugin.utf8.UTF8ValidationServiceTest" time="0.252"/>
  <testcase name="testConvertWithAutoDetection" classname="com.dila.dama.plugin.utf8.UTF8ValidationServiceTest" time="0.345"/>
  <testcase name="testLargeFile" classname="com.dila.dama.plugin.utf8.UTF8ValidationServiceTest" time="0.301"/>
  <testcase name="testScanDirectory" classname="com.dila.dama.plugin.utf8.UTF8ValidationServiceTest" time="0.344"/>
  <testcase name="testValidationPerformance" classname="com.dila.dama.plugin.utf8.UTF8ValidationServiceTest" time="1.391">
    <failure message="&#10;Expecting empty but was: [C:\Users\jeffw\AppData\Local\Temp\utf8-test-18254496347787598112\invalid-utf8.txt,&#10;    C:\Users\jeffw\AppData\Local\Temp\utf8-test-18254496347787598112\utf16-le.txt]" type="java.lang.AssertionError"><![CDATA[java.lang.AssertionError: 

Expecting empty but was: [C:\Users\jeffw\AppData\Local\Temp\utf8-test-18254496347787598112\invalid-utf8.txt,
    C:\Users\jeffw\AppData\Local\Temp\utf8-test-18254496347787598112\utf16-le.txt]
	at com.dila.dama.plugin.utf8.UTF8ValidationServiceTest.testValidationPerformance(UTF8ValidationServiceTest.java:305)
	at java.base/jdk.internal.reflect.DirectMethodHandleAccessor.invoke(DirectMethodHandleAccessor.java:104)
	at java.base/java.lang.reflect.Method.invoke(Method.java:565)
	at org.junit.runners.model.FrameworkMethod$1.runReflectiveCall(FrameworkMethod.java:59)
	at org.junit.internal.runners.model.ReflectiveCallable.run(ReflectiveCallable.java:12)
	at org.junit.runners.model.FrameworkMethod.invokeExplosively(FrameworkMethod.java:56)
	at org.junit.internal.runners.statements.InvokeMethod.evaluate(InvokeMethod.java:17)
	at org.junit.internal.runners.statements.FailOnTimeout$CallableStatement.call(FailOnTimeout.java:299)
	at org.junit.internal.runners.statements.FailOnTimeout$CallableStatement.call(FailOnTimeout.java:293)
	at java.base/java.util.concurrent.FutureTask.run(FutureTask.java:328)
	at java.base/java.lang.Thread.run(Thread.java:1447)
]]></failure>
  </testcase>
  <testcase name="testScanMultipleFiles" classname="com.dila.dama.plugin.utf8.UTF8ValidationServiceTest" time="0.345"/>
  <testcase name="testScanSingleFile" classname="com.dila.dama.plugin.utf8.UTF8ValidationServiceTest" time="0.339"/>
  <testcase name="testConvertUtf16ToUtf8" classname="com.dila.dama.plugin.utf8.UTF8ValidationServiceTest" time="0.354"/>
  <testcase name="testFileWithBOM" classname="com.dila.dama.plugin.utf8.UTF8ValidationServiceTest" time="0.287"/>
  <testcase name="testInvalidByteSequence" classname="com.dila.dama.plugin.utf8.UTF8ValidationServiceTest" time="0.256"/>
  <testcase name="testBinaryFileValidation" classname="com.dila.dama.plugin.utf8.UTF8ValidationServiceTest" time="0.25"/>
  <testcase name="testConvertInvalidFile" classname="com.dila.dama.plugin.utf8.UTF8ValidationServiceTest" time="0.36">
    <failure message="expected:&lt;[1]&gt; but was:&lt;[0]&gt;" type="org.junit.ComparisonFailure"><![CDATA[org.junit.ComparisonFailure: expected:<[1]> but was:<[0]>
	at java.base/jdk.internal.reflect.DirectConstructorHandleAccessor.newInstance(DirectConstructorHandleAccessor.java:62)
	at java.base/java.lang.reflect.Constructor.newInstanceWithCaller(Constructor.java:499)
	at com.dila.dama.plugin.utf8.UTF8ValidationServiceTest.testConvertInvalidFile(UTF8ValidationServiceTest.java:212)
	at java.base/jdk.internal.reflect.DirectMethodHandleAccessor.invoke(DirectMethodHandleAccessor.java:104)
	at java.base/java.lang.reflect.Method.invoke(Method.java:565)
	at org.junit.runners.model.FrameworkMethod$1.runReflectiveCall(FrameworkMethod.java:59)
	at org.junit.internal.runners.model.ReflectiveCallable.run(ReflectiveCallable.java:12)
	at org.junit.runners.model.FrameworkMethod.invokeExplosively(FrameworkMethod.java:56)
	at org.junit.internal.runners.statements.InvokeMethod.evaluate(InvokeMethod.java:17)
	at org.junit.internal.runners.statements.RunBefores.evaluate(RunBefores.java:26)
	at org.junit.internal.runners.statements.RunAfters.evaluate(RunAfters.java:27)
	at org.junit.runners.ParentRunner$3.evaluate(ParentRunner.java:306)
	at org.junit.runners.BlockJUnit4ClassRunner$1.evaluate(BlockJUnit4ClassRunner.java:100)
	at org.junit.runners.ParentRunner.runLeaf(ParentRunner.java:366)
	at org.junit.runners.BlockJUnit4ClassRunner.runChild(BlockJUnit4ClassRunner.java:103)
	at org.junit.runners.BlockJUnit4ClassRunner.runChild(BlockJUnit4ClassRunner.java:63)
	at org.junit.runners.ParentRunner$4.run(ParentRunner.java:331)
	at org.apache.maven.surefire.junitcore.pc.Scheduler$1.run(Scheduler.java:345)
	at java.base/java.util.concurrent.Executors$RunnableAdapter.call(Executors.java:545)
	at java.base/java.util.concurrent.FutureTask.run(FutureTask.java:328)
	at java.base/java.util.concurrent.ThreadPoolExecutor.runWorker(ThreadPoolExecutor.java:1095)
	at java.base/java.util.concurrent.ThreadPoolExecutor$Worker.run(ThreadPoolExecutor.java:619)
	at java.base/java.lang.Thread.run(Thread.java:1447)
]]></failure>
  </testcase>
  <testcase name="testEmptyFile" classname="com.dila.dama.plugin.utf8.UTF8ValidationServiceTest" time="0.177"/>
  <testcase name="testConvertNonExistentFile" classname="com.dila.dama.plugin.utf8.UTF8ValidationServiceTest" time="0.337"/>
  <testcase name="testScanEmptyArray" classname="com.dila.dama.plugin.utf8.UTF8ValidationServiceTest" time="0.343"/>
</testsuite>